::1 - - [12/Jan/2021:18:36:51 +0000] "GET / HTTP/1.1" 304 - "http://localhost:2000/" "Mozilla/5.0 (Windows NT 10.0; Win64; x64) AppleWebKit/537.36 (KHTML, like Gecko) Chrome/87.0.4280.141 Safari/537.36"
::1 - - [13/Jan/2021:09:41:40 +0000] "GET / HTTP/1.1" 304 - "-" "Mozilla/5.0 (Windows NT 10.0; Win64; x64) AppleWebKit/537.36 (KHTML, like Gecko) Chrome/87.0.4280.141 Safari/537.36"
::1 - - [13/Jan/2021:09:41:40 +0000] "GET /css/home.css HTTP/1.1" 404 151 "http://localhost:2000/" "Mozilla/5.0 (Windows NT 10.0; Win64; x64) AppleWebKit/537.36 (KHTML, like Gecko) Chrome/87.0.4280.141 Safari/537.36"
::1 - - [13/Jan/2021:09:41:40 +0000] "GET /js/home.js HTTP/1.1" 404 149 "http://localhost:2000/" "Mozilla/5.0 (Windows NT 10.0; Win64; x64) AppleWebKit/537.36 (KHTML, like Gecko) Chrome/87.0.4280.141 Safari/537.36"
::1 - - [13/Jan/2021:09:41:40 +0000] "GET /img/hrms.png HTTP/1.1" 404 151 "http://localhost:2000/" "Mozilla/5.0 (Windows NT 10.0; Win64; x64) AppleWebKit/537.36 (KHTML, like Gecko) Chrome/87.0.4280.141 Safari/537.36"
::1 - - [13/Jan/2021:09:41:40 +0000] "GET /img/todo.png HTTP/1.1" 404 151 "http://localhost:2000/" "Mozilla/5.0 (Windows NT 10.0; Win64; x64) AppleWebKit/537.36 (KHTML, like Gecko) Chrome/87.0.4280.141 Safari/537.36"
::1 - - [13/Jan/2021:09:41:40 +0000] "GET /img/inshorts.png HTTP/1.1" 404 155 "http://localhost:2000/" "Mozilla/5.0 (Windows NT 10.0; Win64; x64) AppleWebKit/537.36 (KHTML, like Gecko) Chrome/87.0.4280.141 Safari/537.36"
::1 - - [13/Jan/2021:09:41:41 +0000] "GET /img/d3.png HTTP/1.1" 404 149 "http://localhost:2000/" "Mozilla/5.0 (Windows NT 10.0; Win64; x64) AppleWebKit/537.36 (KHTML, like Gecko) Chrome/87.0.4280.141 Safari/537.36"
::1 - - [13/Jan/2021:09:41:41 +0000] "GET /img/micro.png HTTP/1.1" 404 152 "http://localhost:2000/" "Mozilla/5.0 (Windows NT 10.0; Win64; x64) AppleWebKit/537.36 (KHTML, like Gecko) Chrome/87.0.4280.141 Safari/537.36"
::1 - - [13/Jan/2021:09:41:42 +0000] "GET /css/home.css HTTP/1.1" 404 151 "http://localhost:2000/" "Mozilla/5.0 (Windows NT 10.0; Win64; x64) AppleWebKit/537.36 (KHTML, like Gecko) Chrome/87.0.4280.141 Safari/537.36"
::1 - - [13/Jan/2021:09:41:42 +0000] "GET /js/home.js HTTP/1.1" 404 149 "http://localhost:2000/" "Mozilla/5.0 (Windows NT 10.0; Win64; x64) AppleWebKit/537.36 (KHTML, like Gecko) Chrome/87.0.4280.141 Safari/537.36"
::1 - - [13/Jan/2021:09:43:38 +0000] "GET / HTTP/1.1" 304 - "-" "Mozilla/5.0 (Windows NT 10.0; Win64; x64) AppleWebKit/537.36 (KHTML, like Gecko) Chrome/87.0.4280.141 Safari/537.36"
::1 - - [13/Jan/2021:09:43:38 +0000] "GET /css/home.css HTTP/1.1" 404 151 "http://localhost:2000/" "Mozilla/5.0 (Windows NT 10.0; Win64; x64) AppleWebKit/537.36 (KHTML, like Gecko) Chrome/87.0.4280.141 Safari/537.36"
::1 - - [13/Jan/2021:09:43:38 +0000] "GET /js/home.js HTTP/1.1" 404 149 "http://localhost:2000/" "Mozilla/5.0 (Windows NT 10.0; Win64; x64) AppleWebKit/537.36 (KHTML, like Gecko) Chrome/87.0.4280.141 Safari/537.36"
::1 - - [13/Jan/2021:09:43:38 +0000] "GET /img/hrms.png HTTP/1.1" 404 151 "http://localhost:2000/" "Mozilla/5.0 (Windows NT 10.0; Win64; x64) AppleWebKit/537.36 (KHTML, like Gecko) Chrome/87.0.4280.141 Safari/537.36"
::1 - - [13/Jan/2021:09:43:38 +0000] "GET /img/todo.png HTTP/1.1" 404 151 "http://localhost:2000/" "Mozilla/5.0 (Windows NT 10.0; Win64; x64) AppleWebKit/537.36 (KHTML, like Gecko) Chrome/87.0.4280.141 Safari/537.36"
::1 - - [13/Jan/2021:09:43:38 +0000] "GET /img/inshorts.png HTTP/1.1" 404 155 "http://localhost:2000/" "Mozilla/5.0 (Windows NT 10.0; Win64; x64) AppleWebKit/537.36 (KHTML, like Gecko) Chrome/87.0.4280.141 Safari/537.36"
::1 - - [13/Jan/2021:09:43:38 +0000] "GET /img/d3.png HTTP/1.1" 404 149 "http://localhost:2000/" "Mozilla/5.0 (Windows NT 10.0; Win64; x64) AppleWebKit/537.36 (KHTML, like Gecko) Chrome/87.0.4280.141 Safari/537.36"
::1 - - [13/Jan/2021:09:43:38 +0000] "GET /img/micro.png HTTP/1.1" 404 152 "http://localhost:2000/" "Mozilla/5.0 (Windows NT 10.0; Win64; x64) AppleWebKit/537.36 (KHTML, like Gecko) Chrome/87.0.4280.141 Safari/537.36"
::1 - - [13/Jan/2021:09:43:38 +0000] "GET /css/home.css HTTP/1.1" 404 151 "http://localhost:2000/" "Mozilla/5.0 (Windows NT 10.0; Win64; x64) AppleWebKit/537.36 (KHTML, like Gecko) Chrome/87.0.4280.141 Safari/537.36"
::1 - - [13/Jan/2021:09:43:38 +0000] "GET /js/home.js HTTP/1.1" 404 149 "http://localhost:2000/" "Mozilla/5.0 (Windows NT 10.0; Win64; x64) AppleWebKit/537.36 (KHTML, like Gecko) Chrome/87.0.4280.141 Safari/537.36"
::1 - - [13/Jan/2021:09:43:42 +0000] "GET /css/home.css HTTP/1.1" 404 151 "http://localhost:2000/" "Mozilla/5.0 (Windows NT 10.0; Win64; x64) AppleWebKit/537.36 (KHTML, like Gecko) Chrome/87.0.4280.141 Safari/537.36"
[0mGET / [36m304[0m 5.453 ms - -[0m
::1 - - [13/Jan/2021:09:49:32 +0000] "GET / HTTP/1.1" 304 - "-" "Mozilla/5.0 (Windows NT 10.0; Win64; x64) AppleWebKit/537.36 (KHTML, like Gecko) Chrome/87.0.4280.141 Safari/537.36"
::1 - - [13/Jan/2021:09:49:32 +0000] "GET /css/home.css HTTP/1.1" 404 151 "http://localhost:2000/" "Mozilla/5.0 (Windows NT 10.0; Win64; x64) AppleWebKit/537.36 (KHTML, like Gecko) Chrome/87.0.4280.141 Safari/537.36"
::1 - - [13/Jan/2021:09:49:32 +0000] "GET /js/home.js HTTP/1.1" 404 149 "http://localhost:2000/" "Mozilla/5.0 (Windows NT 10.0; Win64; x64) AppleWebKit/537.36 (KHTML, like Gecko) Chrome/87.0.4280.141 Safari/537.36"
::1 - - [13/Jan/2021:09:49:32 +0000] "GET /img/hrms.png HTTP/1.1" 404 151 "http://localhost:2000/" "Mozilla/5.0 (Windows NT 10.0; Win64; x64) AppleWebKit/537.36 (KHTML, like Gecko) Chrome/87.0.4280.141 Safari/537.36"
::1 - - [13/Jan/2021:09:49:32 +0000] "GET /img/todo.png HTTP/1.1" 404 151 "http://localhost:2000/" "Mozilla/5.0 (Windows NT 10.0; Win64; x64) AppleWebKit/537.36 (KHTML, like Gecko) Chrome/87.0.4280.141 Safari/537.36"
::1 - - [13/Jan/2021:09:49:32 +0000] "GET /img/inshorts.png HTTP/1.1" 404 155 "http://localhost:2000/" "Mozilla/5.0 (Windows NT 10.0; Win64; x64) AppleWebKit/537.36 (KHTML, like Gecko) Chrome/87.0.4280.141 Safari/537.36"
::1 - - [13/Jan/2021:09:49:32 +0000] "GET /img/d3.png HTTP/1.1" 404 149 "http://localhost:2000/" "Mozilla/5.0 (Windows NT 10.0; Win64; x64) AppleWebKit/537.36 (KHTML, like Gecko) Chrome/87.0.4280.141 Safari/537.36"
::1 - - [13/Jan/2021:09:49:32 +0000] "GET /img/micro.png HTTP/1.1" 404 152 "http://localhost:2000/" "Mozilla/5.0 (Windows NT 10.0; Win64; x64) AppleWebKit/537.36 (KHTML, like Gecko) Chrome/87.0.4280.141 Safari/537.36"
::1 - - [13/Jan/2021:09:49:33 +0000] "GET /css/home.css HTTP/1.1" 404 151 "http://localhost:2000/" "Mozilla/5.0 (Windows NT 10.0; Win64; x64) AppleWebKit/537.36 (KHTML, like Gecko) Chrome/87.0.4280.141 Safari/537.36"
::1 - - [13/Jan/2021:09:49:33 +0000] "GET /js/home.js HTTP/1.1" 404 149 "http://localhost:2000/" "Mozilla/5.0 (Windows NT 10.0; Win64; x64) AppleWebKit/537.36 (KHTML, like Gecko) Chrome/87.0.4280.141 Safari/537.36"
::1 - - [13/Jan/2021:09:50:08 +0000] "GET / HTTP/1.1" 304 - "-" "Mozilla/5.0 (Windows NT 10.0; Win64; x64) AppleWebKit/537.36 (KHTML, like Gecko) Chrome/87.0.4280.141 Safari/537.36"
::1 - - [13/Jan/2021:09:50:09 +0000] "GET /css/home.css HTTP/1.1" 404 151 "http://localhost:2000/" "Mozilla/5.0 (Windows NT 10.0; Win64; x64) AppleWebKit/537.36 (KHTML, like Gecko) Chrome/87.0.4280.141 Safari/537.36"
::1 - - [13/Jan/2021:09:50:09 +0000] "GET /img/hrms.png HTTP/1.1" 404 151 "http://localhost:2000/" "Mozilla/5.0 (Windows NT 10.0; Win64; x64) AppleWebKit/537.36 (KHTML, like Gecko) Chrome/87.0.4280.141 Safari/537.36"
::1 - - [13/Jan/2021:09:50:09 +0000] "GET /js/home.js HTTP/1.1" 404 149 "http://localhost:2000/" "Mozilla/5.0 (Windows NT 10.0; Win64; x64) AppleWebKit/537.36 (KHTML, like Gecko) Chrome/87.0.4280.141 Safari/537.36"
::1 - - [13/Jan/2021:09:50:09 +0000] "GET /img/todo.png HTTP/1.1" 404 151 "http://localhost:2000/" "Mozilla/5.0 (Windows NT 10.0; Win64; x64) AppleWebKit/537.36 (KHTML, like Gecko) Chrome/87.0.4280.141 Safari/537.36"
::1 - - [13/Jan/2021:09:50:09 +0000] "GET /img/inshorts.png HTTP/1.1" 404 155 "http://localhost:2000/" "Mozilla/5.0 (Windows NT 10.0; Win64; x64) AppleWebKit/537.36 (KHTML, like Gecko) Chrome/87.0.4280.141 Safari/537.36"
::1 - - [13/Jan/2021:09:50:09 +0000] "GET /img/d3.png HTTP/1.1" 404 149 "http://localhost:2000/" "Mozilla/5.0 (Windows NT 10.0; Win64; x64) AppleWebKit/537.36 (KHTML, like Gecko) Chrome/87.0.4280.141 Safari/537.36"
::1 - - [13/Jan/2021:09:50:09 +0000] "GET /img/micro.png HTTP/1.1" 404 152 "http://localhost:2000/" "Mozilla/5.0 (Windows NT 10.0; Win64; x64) AppleWebKit/537.36 (KHTML, like Gecko) Chrome/87.0.4280.141 Safari/537.36"
::1 - - [13/Jan/2021:09:50:24 +0000] "GET / HTTP/1.1" 304 - "-" "Mozilla/5.0 (Windows NT 10.0; Win64; x64) AppleWebKit/537.36 (KHTML, like Gecko) Chrome/87.0.4280.141 Safari/537.36"
::1 - - [13/Jan/2021:09:50:24 +0000] "GET /css/home.css HTTP/1.1" 404 151 "http://localhost:2000/" "Mozilla/5.0 (Windows NT 10.0; Win64; x64) AppleWebKit/537.36 (KHTML, like Gecko) Chrome/87.0.4280.141 Safari/537.36"
::1 - - [13/Jan/2021:09:50:24 +0000] "GET /js/home.js HTTP/1.1" 404 149 "http://localhost:2000/" "Mozilla/5.0 (Windows NT 10.0; Win64; x64) AppleWebKit/537.36 (KHTML, like Gecko) Chrome/87.0.4280.141 Safari/537.36"
::1 - - [13/Jan/2021:09:50:24 +0000] "GET /img/hrms.png HTTP/1.1" 404 151 "http://localhost:2000/" "Mozilla/5.0 (Windows NT 10.0; Win64; x64) AppleWebKit/537.36 (KHTML, like Gecko) Chrome/87.0.4280.141 Safari/537.36"
::1 - - [13/Jan/2021:09:50:24 +0000] "GET /img/todo.png HTTP/1.1" 404 151 "http://localhost:2000/" "Mozilla/5.0 (Windows NT 10.0; Win64; x64) AppleWebKit/537.36 (KHTML, like Gecko) Chrome/87.0.4280.141 Safari/537.36"
::1 - - [13/Jan/2021:09:50:24 +0000] "GET /img/inshorts.png HTTP/1.1" 404 155 "http://localhost:2000/" "Mozilla/5.0 (Windows NT 10.0; Win64; x64) AppleWebKit/537.36 (KHTML, like Gecko) Chrome/87.0.4280.141 Safari/537.36"
::1 - - [13/Jan/2021:09:50:24 +0000] "GET /img/d3.png HTTP/1.1" 404 149 "http://localhost:2000/" "Mozilla/5.0 (Windows NT 10.0; Win64; x64) AppleWebKit/537.36 (KHTML, like Gecko) Chrome/87.0.4280.141 Safari/537.36"
::1 - - [13/Jan/2021:09:50:24 +0000] "GET /js/home.js HTTP/1.1" 404 149 "http://localhost:2000/" "Mozilla/5.0 (Windows NT 10.0; Win64; x64) AppleWebKit/537.36 (KHTML, like Gecko) Chrome/87.0.4280.141 Safari/537.36"
::1 - - [13/Jan/2021:09:50:25 +0000] "GET / HTTP/1.1" 304 - "-" "Mozilla/5.0 (Windows NT 10.0; Win64; x64) AppleWebKit/537.36 (KHTML, like Gecko) Chrome/87.0.4280.141 Safari/537.36"
::1 - - [13/Jan/2021:09:50:25 +0000] "GET /css/home.css HTTP/1.1" 404 151 "http://localhost:2000/" "Mozilla/5.0 (Windows NT 10.0; Win64; x64) AppleWebKit/537.36 (KHTML, like Gecko) Chrome/87.0.4280.141 Safari/537.36"
::1 - - [13/Jan/2021:09:50:25 +0000] "GET /img/hrms.png HTTP/1.1" 404 151 "http://localhost:2000/" "Mozilla/5.0 (Windows NT 10.0; Win64; x64) AppleWebKit/537.36 (KHTML, like Gecko) Chrome/87.0.4280.141 Safari/537.36"
::1 - - [13/Jan/2021:09:50:25 +0000] "GET /js/home.js HTTP/1.1" 404 149 "http://localhost:2000/" "Mozilla/5.0 (Windows NT 10.0; Win64; x64) AppleWebKit/537.36 (KHTML, like Gecko) Chrome/87.0.4280.141 Safari/537.36"
::1 - - [13/Jan/2021:09:50:25 +0000] "GET /img/todo.png HTTP/1.1" 404 151 "http://localhost:2000/" "Mozilla/5.0 (Windows NT 10.0; Win64; x64) AppleWebKit/537.36 (KHTML, like Gecko) Chrome/87.0.4280.141 Safari/537.36"
::1 - - [13/Jan/2021:09:50:25 +0000] "GET /img/d3.png HTTP/1.1" 404 149 "http://localhost:2000/" "Mozilla/5.0 (Windows NT 10.0; Win64; x64) AppleWebKit/537.36 (KHTML, like Gecko) Chrome/87.0.4280.141 Safari/537.36"
::1 - - [13/Jan/2021:09:50:26 +0000] "GET / HTTP/1.1" 304 - "-" "Mozilla/5.0 (Windows NT 10.0; Win64; x64) AppleWebKit/537.36 (KHTML, like Gecko) Chrome/87.0.4280.141 Safari/537.36"
::1 - - [13/Jan/2021:09:50:26 +0000] "GET /css/home.css HTTP/1.1" 404 151 "http://localhost:2000/" "Mozilla/5.0 (Windows NT 10.0; Win64; x64) AppleWebKit/537.36 (KHTML, like Gecko) Chrome/87.0.4280.141 Safari/537.36"
::1 - - [13/Jan/2021:09:50:26 +0000] "GET /img/hrms.png HTTP/1.1" 404 151 "http://localhost:2000/" "Mozilla/5.0 (Windows NT 10.0; Win64; x64) AppleWebKit/537.36 (KHTML, like Gecko) Chrome/87.0.4280.141 Safari/537.36"
::1 - - [13/Jan/2021:09:50:26 +0000] "GET /js/home.js HTTP/1.1" 404 149 "http://localhost:2000/" "Mozilla/5.0 (Windows NT 10.0; Win64; x64) AppleWebKit/537.36 (KHTML, like Gecko) Chrome/87.0.4280.141 Safari/537.36"
::1 - - [13/Jan/2021:09:50:26 +0000] "GET /img/todo.png HTTP/1.1" 404 151 "http://localhost:2000/" "Mozilla/5.0 (Windows NT 10.0; Win64; x64) AppleWebKit/537.36 (KHTML, like Gecko) Chrome/87.0.4280.141 Safari/537.36"
::1 - - [13/Jan/2021:09:50:26 +0000] "GET /img/inshorts.png HTTP/1.1" 404 155 "http://localhost:2000/" "Mozilla/5.0 (Windows NT 10.0; Win64; x64) AppleWebKit/537.36 (KHTML, like Gecko) Chrome/87.0.4280.141 Safari/537.36"
::1 - - [13/Jan/2021:09:50:26 +0000] "GET /img/micro.png HTTP/1.1" 404 152 "http://localhost:2000/" "Mozilla/5.0 (Windows NT 10.0; Win64; x64) AppleWebKit/537.36 (KHTML, like Gecko) Chrome/87.0.4280.141 Safari/537.36"
::1 - - [13/Jan/2021:09:50:26 +0000] "GET / HTTP/1.1" 304 - "-" "Mozilla/5.0 (Windows NT 10.0; Win64; x64) AppleWebKit/537.36 (KHTML, like Gecko) Chrome/87.0.4280.141 Safari/537.36"
::1 - - [13/Jan/2021:09:50:26 +0000] "GET /css/home.css HTTP/1.1" 404 151 "http://localhost:2000/" "Mozilla/5.0 (Windows NT 10.0; Win64; x64) AppleWebKit/537.36 (KHTML, like Gecko) Chrome/87.0.4280.141 Safari/537.36"
::1 - - [13/Jan/2021:09:50:26 +0000] "GET /img/hrms.png HTTP/1.1" 404 151 "http://localhost:2000/" "Mozilla/5.0 (Windows NT 10.0; Win64; x64) AppleWebKit/537.36 (KHTML, like Gecko) Chrome/87.0.4280.141 Safari/537.36"
::1 - - [13/Jan/2021:09:50:26 +0000] "GET /js/home.js HTTP/1.1" 404 149 "http://localhost:2000/" "Mozilla/5.0 (Windows NT 10.0; Win64; x64) AppleWebKit/537.36 (KHTML, like Gecko) Chrome/87.0.4280.141 Safari/537.36"
::1 - - [13/Jan/2021:09:50:26 +0000] "GET /img/todo.png HTTP/1.1" 404 151 "http://localhost:2000/" "Mozilla/5.0 (Windows NT 10.0; Win64; x64) AppleWebKit/537.36 (KHTML, like Gecko) Chrome/87.0.4280.141 Safari/537.36"
::1 - - [13/Jan/2021:09:50:26 +0000] "GET /img/d3.png HTTP/1.1" 404 149 "http://localhost:2000/" "Mozilla/5.0 (Windows NT 10.0; Win64; x64) AppleWebKit/537.36 (KHTML, like Gecko) Chrome/87.0.4280.141 Safari/537.36"
::1 - - [13/Jan/2021:09:50:26 +0000] "GET / HTTP/1.1" 304 - "-" "Mozilla/5.0 (Windows NT 10.0; Win64; x64) AppleWebKit/537.36 (KHTML, like Gecko) Chrome/87.0.4280.141 Safari/537.36"
::1 - - [13/Jan/2021:09:50:26 +0000] "GET /css/home.css HTTP/1.1" 404 151 "http://localhost:2000/" "Mozilla/5.0 (Windows NT 10.0; Win64; x64) AppleWebKit/537.36 (KHTML, like Gecko) Chrome/87.0.4280.141 Safari/537.36"
::1 - - [13/Jan/2021:09:50:26 +0000] "GET /img/hrms.png HTTP/1.1" 404 151 "http://localhost:2000/" "Mozilla/5.0 (Windows NT 10.0; Win64; x64) AppleWebKit/537.36 (KHTML, like Gecko) Chrome/87.0.4280.141 Safari/537.36"
::1 - - [13/Jan/2021:09:50:26 +0000] "GET /js/home.js HTTP/1.1" 404 149 "http://localhost:2000/" "Mozilla/5.0 (Windows NT 10.0; Win64; x64) AppleWebKit/537.36 (KHTML, like Gecko) Chrome/87.0.4280.141 Safari/537.36"
::1 - - [13/Jan/2021:09:50:26 +0000] "GET /img/todo.png HTTP/1.1" 404 151 "http://localhost:2000/" "Mozilla/5.0 (Windows NT 10.0; Win64; x64) AppleWebKit/537.36 (KHTML, like Gecko) Chrome/87.0.4280.141 Safari/537.36"
::1 - - [13/Jan/2021:09:50:26 +0000] "GET /img/d3.png HTTP/1.1" 404 149 "http://localhost:2000/" "Mozilla/5.0 (Windows NT 10.0; Win64; x64) AppleWebKit/537.36 (KHTML, like Gecko) Chrome/87.0.4280.141 Safari/537.36"
::1 - - [13/Jan/2021:09:50:26 +0000] "GET / HTTP/1.1" 304 - "-" "Mozilla/5.0 (Windows NT 10.0; Win64; x64) AppleWebKit/537.36 (KHTML, like Gecko) Chrome/87.0.4280.141 Safari/537.36"
::1 - - [13/Jan/2021:09:50:26 +0000] "GET /css/home.css HTTP/1.1" 404 151 "http://localhost:2000/" "Mozilla/5.0 (Windows NT 10.0; Win64; x64) AppleWebKit/537.36 (KHTML, like Gecko) Chrome/87.0.4280.141 Safari/537.36"
::1 - - [13/Jan/2021:09:50:26 +0000] "GET /img/hrms.png HTTP/1.1" 404 151 "http://localhost:2000/" "Mozilla/5.0 (Windows NT 10.0; Win64; x64) AppleWebKit/537.36 (KHTML, like Gecko) Chrome/87.0.4280.141 Safari/537.36"
::1 - - [13/Jan/2021:09:50:26 +0000] "GET /js/home.js HTTP/1.1" 404 149 "http://localhost:2000/" "Mozilla/5.0 (Windows NT 10.0; Win64; x64) AppleWebKit/537.36 (KHTML, like Gecko) Chrome/87.0.4280.141 Safari/537.36"
::1 - - [13/Jan/2021:09:50:26 +0000] "GET /img/todo.png HTTP/1.1" 404 151 "http://localhost:2000/" "Mozilla/5.0 (Windows NT 10.0; Win64; x64) AppleWebKit/537.36 (KHTML, like Gecko) Chrome/87.0.4280.141 Safari/537.36"
::1 - - [13/Jan/2021:09:50:26 +0000] "GET /img/d3.png HTTP/1.1" 404 149 "http://localhost:2000/" "Mozilla/5.0 (Windows NT 10.0; Win64; x64) AppleWebKit/537.36 (KHTML, like Gecko) Chrome/87.0.4280.141 Safari/537.36"
::1 - - [13/Jan/2021:09:50:26 +0000] "GET / HTTP/1.1" 304 - "-" "Mozilla/5.0 (Windows NT 10.0; Win64; x64) AppleWebKit/537.36 (KHTML, like Gecko) Chrome/87.0.4280.141 Safari/537.36"
::1 - - [13/Jan/2021:09:50:26 +0000] "GET /css/home.css HTTP/1.1" 404 151 "http://localhost:2000/" "Mozilla/5.0 (Windows NT 10.0; Win64; x64) AppleWebKit/537.36 (KHTML, like Gecko) Chrome/87.0.4280.141 Safari/537.36"
::1 - - [13/Jan/2021:09:50:26 +0000] "GET /img/hrms.png HTTP/1.1" 404 151 "http://localhost:2000/" "Mozilla/5.0 (Windows NT 10.0; Win64; x64) AppleWebKit/537.36 (KHTML, like Gecko) Chrome/87.0.4280.141 Safari/537.36"
::1 - - [13/Jan/2021:09:50:26 +0000] "GET /js/home.js HTTP/1.1" 404 149 "http://localhost:2000/" "Mozilla/5.0 (Windows NT 10.0; Win64; x64) AppleWebKit/537.36 (KHTML, like Gecko) Chrome/87.0.4280.141 Safari/537.36"
::1 - - [13/Jan/2021:09:50:26 +0000] "GET /img/todo.png HTTP/1.1" 404 151 "http://localhost:2000/" "Mozilla/5.0 (Windows NT 10.0; Win64; x64) AppleWebKit/537.36 (KHTML, like Gecko) Chrome/87.0.4280.141 Safari/537.36"
::1 - - [13/Jan/2021:09:50:26 +0000] "GET /img/inshorts.png HTTP/1.1" 404 155 "http://localhost:2000/" "Mozilla/5.0 (Windows NT 10.0; Win64; x64) AppleWebKit/537.36 (KHTML, like Gecko) Chrome/87.0.4280.141 Safari/537.36"
::1 - - [13/Jan/2021:09:50:26 +0000] "GET /img/d3.png HTTP/1.1" 404 149 "http://localhost:2000/" "Mozilla/5.0 (Windows NT 10.0; Win64; x64) AppleWebKit/537.36 (KHTML, like Gecko) Chrome/87.0.4280.141 Safari/537.36"
::1 - - [13/Jan/2021:09:50:26 +0000] "GET / HTTP/1.1" 304 - "-" "Mozilla/5.0 (Windows NT 10.0; Win64; x64) AppleWebKit/537.36 (KHTML, like Gecko) Chrome/87.0.4280.141 Safari/537.36"
::1 - - [13/Jan/2021:09:50:26 +0000] "GET /css/home.css HTTP/1.1" 404 151 "http://localhost:2000/" "Mozilla/5.0 (Windows NT 10.0; Win64; x64) AppleWebKit/537.36 (KHTML, like Gecko) Chrome/87.0.4280.141 Safari/537.36"
::1 - - [13/Jan/2021:09:50:26 +0000] "GET /img/hrms.png HTTP/1.1" 404 151 "http://localhost:2000/" "Mozilla/5.0 (Windows NT 10.0; Win64; x64) AppleWebKit/537.36 (KHTML, like Gecko) Chrome/87.0.4280.141 Safari/537.36"
::1 - - [13/Jan/2021:09:50:26 +0000] "GET /js/home.js HTTP/1.1" 404 149 "http://localhost:2000/" "Mozilla/5.0 (Windows NT 10.0; Win64; x64) AppleWebKit/537.36 (KHTML, like Gecko) Chrome/87.0.4280.141 Safari/537.36"
::1 - - [13/Jan/2021:09:50:26 +0000] "GET /img/todo.png HTTP/1.1" 404 151 "http://localhost:2000/" "Mozilla/5.0 (Windows NT 10.0; Win64; x64) AppleWebKit/537.36 (KHTML, like Gecko) Chrome/87.0.4280.141 Safari/537.36"
::1 - - [13/Jan/2021:09:50:26 +0000] "GET /img/inshorts.png HTTP/1.1" 404 155 "http://localhost:2000/" "Mozilla/5.0 (Windows NT 10.0; Win64; x64) AppleWebKit/537.36 (KHTML, like Gecko) Chrome/87.0.4280.141 Safari/537.36"
::1 - - [13/Jan/2021:09:50:26 +0000] "GET /img/d3.png HTTP/1.1" 404 149 "http://localhost:2000/" "Mozilla/5.0 (Windows NT 10.0; Win64; x64) AppleWebKit/537.36 (KHTML, like Gecko) Chrome/87.0.4280.141 Safari/537.36"
::1 - - [13/Jan/2021:09:50:27 +0000] "GET /css/home.css HTTP/1.1" 404 151 "http://localhost:2000/" "Mozilla/5.0 (Windows NT 10.0; Win64; x64) AppleWebKit/537.36 (KHTML, like Gecko) Chrome/87.0.4280.141 Safari/537.36"
[0mGET / [36m304[0m 6.093 ms - -[0m
::1 - - [13/Jan/2021:09:51:56 +0000] "GET / HTTP/1.1" 304 - "-" "Mozilla/5.0 (Windows NT 10.0; Win64; x64) AppleWebKit/537.36 (KHTML, like Gecko) Chrome/87.0.4280.141 Safari/537.36"
::1 - - [13/Jan/2021:09:51:57 +0000] "GET / HTTP/1.1" 304 - "-" "Mozilla/5.0 (Windows NT 10.0; Win64; x64) AppleWebKit/537.36 (KHTML, like Gecko) Chrome/87.0.4280.141 Safari/537.36"
::1 - - [13/Jan/2021:09:51:58 +0000] "GET / HTTP/1.1" 304 - "-" "Mozilla/5.0 (Windows NT 10.0; Win64; x64) AppleWebKit/537.36 (KHTML, like Gecko) Chrome/87.0.4280.141 Safari/537.36"
::1 - - [13/Jan/2021:09:52:00 +0000] "GET / HTTP/1.1" 304 - "-" "Mozilla/5.0 (Windows NT 10.0; Win64; x64) AppleWebKit/537.36 (KHTML, like Gecko) Chrome/87.0.4280.141 Safari/537.36"
[0mGET / [32m200[0m 6.414 ms - 15034[0m
::1 - - [13/Jan/2021:10:28:52 +0000] "GET / HTTP/1.1" 200 15058 "-" "Mozilla/5.0 (Windows NT 10.0; Win64; x64) AppleWebKit/537.36 (KHTML, like Gecko) Chrome/87.0.4280.141 Safari/537.36"
::1 - - [13/Jan/2021:10:28:52 +0000] "GET /css/home-0c3a500528.css HTTP/1.1" 404 162 "http://localhost:2000/" "Mozilla/5.0 (Windows NT 10.0; Win64; x64) AppleWebKit/537.36 (KHTML, like Gecko) Chrome/87.0.4280.141 Safari/537.36"
::1 - - [13/Jan/2021:10:28:52 +0000] "GET /js/home-740b041093.js HTTP/1.1" 404 160 "http://localhost:2000/" "Mozilla/5.0 (Windows NT 10.0; Win64; x64) AppleWebKit/537.36 (KHTML, like Gecko) Chrome/87.0.4280.141 Safari/537.36"
::1 - - [13/Jan/2021:10:28:52 +0000] "GET /css/home-0c3a500528.css HTTP/1.1" 404 162 "http://localhost:2000/" "Mozilla/5.0 (Windows NT 10.0; Win64; x64) AppleWebKit/537.36 (KHTML, like Gecko) Chrome/87.0.4280.141 Safari/537.36"
::1 - - [13/Jan/2021:10:28:52 +0000] "GET /js/home-740b041093.js HTTP/1.1" 404 160 "http://localhost:2000/" "Mozilla/5.0 (Windows NT 10.0; Win64; x64) AppleWebKit/537.36 (KHTML, like Gecko) Chrome/87.0.4280.141 Safari/537.36"
::1 - - [13/Jan/2021:10:28:54 +0000] "GET /css/home-0c3a500528.css HTTP/1.1" 404 162 "http://localhost:2000/" "Mozilla/5.0 (Windows NT 10.0; Win64; x64) AppleWebKit/537.36 (KHTML, like Gecko) Chrome/87.0.4280.141 Safari/537.36"
::1 - - [13/Jan/2021:10:35:01 +0000] "GET / HTTP/1.1" 304 - "-" "Mozilla/5.0 (Windows NT 10.0; Win64; x64) AppleWebKit/537.36 (KHTML, like Gecko) Chrome/87.0.4280.141 Safari/537.36"
::1 - - [13/Jan/2021:10:35:01 +0000] "GET /css/home-0c3a500528.css HTTP/1.1" 404 162 "http://localhost:2000/" "Mozilla/5.0 (Windows NT 10.0; Win64; x64) AppleWebKit/537.36 (KHTML, like Gecko) Chrome/87.0.4280.141 Safari/537.36"
::1 - - [13/Jan/2021:10:35:01 +0000] "GET /js/home-740b041093.js HTTP/1.1" 404 160 "http://localhost:2000/" "Mozilla/5.0 (Windows NT 10.0; Win64; x64) AppleWebKit/537.36 (KHTML, like Gecko) Chrome/87.0.4280.141 Safari/537.36"
::1 - - [13/Jan/2021:10:35:02 +0000] "GET /css/home-0c3a500528.css HTTP/1.1" 404 162 "http://localhost:2000/" "Mozilla/5.0 (Windows NT 10.0; Win64; x64) AppleWebKit/537.36 (KHTML, like Gecko) Chrome/87.0.4280.141 Safari/537.36"
::1 - - [13/Jan/2021:10:35:02 +0000] "GET /js/home-740b041093.js HTTP/1.1" 404 160 "http://localhost:2000/" "Mozilla/5.0 (Windows NT 10.0; Win64; x64) AppleWebKit/537.36 (KHTML, like Gecko) Chrome/87.0.4280.141 Safari/537.36"
::1 - - [13/Jan/2021:10:37:05 +0000] "GET / HTTP/1.1" 304 - "-" "Mozilla/5.0 (Windows NT 10.0; Win64; x64) AppleWebKit/537.36 (KHTML, like Gecko) Chrome/87.0.4280.141 Safari/537.36"
::1 - - [13/Jan/2021:10:37:06 +0000] "GET /img/hrms.png HTTP/1.1" 404 151 "http://localhost:2000/" "Mozilla/5.0 (Windows NT 10.0; Win64; x64) AppleWebKit/537.36 (KHTML, like Gecko) Chrome/87.0.4280.141 Safari/537.36"
::1 - - [13/Jan/2021:10:37:06 +0000] "GET /img/todo.png HTTP/1.1" 404 151 "http://localhost:2000/" "Mozilla/5.0 (Windows NT 10.0; Win64; x64) AppleWebKit/537.36 (KHTML, like Gecko) Chrome/87.0.4280.141 Safari/537.36"
::1 - - [13/Jan/2021:10:37:06 +0000] "GET /img/inshorts.png HTTP/1.1" 404 155 "http://localhost:2000/" "Mozilla/5.0 (Windows NT 10.0; Win64; x64) AppleWebKit/537.36 (KHTML, like Gecko) Chrome/87.0.4280.141 Safari/537.36"
::1 - - [13/Jan/2021:10:37:06 +0000] "GET /img/d3.png HTTP/1.1" 404 149 "http://localhost:2000/" "Mozilla/5.0 (Windows NT 10.0; Win64; x64) AppleWebKit/537.36 (KHTML, like Gecko) Chrome/87.0.4280.141 Safari/537.36"
::1 - - [13/Jan/2021:10:37:06 +0000] "GET /img/micro.png HTTP/1.1" 404 152 "http://localhost:2000/" "Mozilla/5.0 (Windows NT 10.0; Win64; x64) AppleWebKit/537.36 (KHTML, like Gecko) Chrome/87.0.4280.141 Safari/537.36"
::1 - - [13/Jan/2021:10:39:58 +0000] "GET / HTTP/1.1" 200 15113 "-" "Mozilla/5.0 (Windows NT 10.0; Win64; x64) AppleWebKit/537.36 (KHTML, like Gecko) Chrome/87.0.4280.141 Safari/537.36"
::1 - - [13/Jan/2021:10:40:20 +0000] "GET / HTTP/1.1" 304 - "-" "Mozilla/5.0 (Windows NT 10.0; Win64; x64) AppleWebKit/537.36 (KHTML, like Gecko) Chrome/87.0.4280.141 Safari/537.36"
::1 - - [13/Jan/2021:10:40:20 +0000] "GET / HTTP/1.1" 304 - "-" "Mozilla/5.0 (Windows NT 10.0; Win64; x64) AppleWebKit/537.36 (KHTML, like Gecko) Chrome/87.0.4280.141 Safari/537.36"
::1 - - [13/Jan/2021:10:40:21 +0000] "GET / HTTP/1.1" 304 - "-" "Mozilla/5.0 (Windows NT 10.0; Win64; x64) AppleWebKit/537.36 (KHTML, like Gecko) Chrome/87.0.4280.141 Safari/537.36"
